c:\users\ian\desktop\uni-work\_year 1\submission repositories\ct4028-assignment-iain2019\raycasterframework\obj\vc142.pdb
c:\users\ian\desktop\uni-work\_year 1\submission repositories\ct4028-assignment-iain2019\raycasterframework\obj\vc142.idb
c:\users\ian\desktop\uni-work\_year 1\submission repositories\ct4028-assignment-iain2019\raycasterframework\obj\rc_texture.obj
c:\users\ian\desktop\uni-work\_year 1\submission repositories\ct4028-assignment-iain2019\raycasterframework\obj\rc_pcxloader.obj
c:\users\ian\desktop\uni-work\_year 1\submission repositories\ct4028-assignment-iain2019\raycasterframework\obj\rc_timers.obj
c:\users\ian\desktop\uni-work\_year 1\submission repositories\ct4028-assignment-iain2019\raycasterframework\obj\rc_texturemanager.obj
c:\users\ian\desktop\uni-work\_year 1\submission repositories\ct4028-assignment-iain2019\raycasterframework\obj\rc_splashstate.obj
c:\users\ian\desktop\uni-work\_year 1\submission repositories\ct4028-assignment-iain2019\raycasterframework\obj\rc_player.obj
c:\users\ian\desktop\uni-work\_year 1\submission repositories\ct4028-assignment-iain2019\raycasterframework\obj\rc_level.obj
c:\users\ian\desktop\uni-work\_year 1\submission repositories\ct4028-assignment-iain2019\raycasterframework\obj\rc_inputmanager.obj
c:\users\ian\desktop\uni-work\_year 1\submission repositories\ct4028-assignment-iain2019\raycasterframework\obj\rc_imageloader.obj
c:\users\ian\desktop\uni-work\_year 1\submission repositories\ct4028-assignment-iain2019\raycasterframework\obj\rc_gameplaystate.obj
c:\users\ian\desktop\uni-work\_year 1\submission repositories\ct4028-assignment-iain2019\raycasterframework\obj\rc_gamestatemanager.obj
c:\users\ian\desktop\uni-work\_year 1\submission repositories\ct4028-assignment-iain2019\raycasterframework\obj\rc_gamestate.obj
c:\users\ian\desktop\uni-work\_year 1\submission repositories\ct4028-assignment-iain2019\raycasterframework\obj\main.obj
c:\users\ian\desktop\uni-work\_year 1\submission repositories\ct4028-assignment-iain2019\raycasterframework\obj\renderer.obj
c:\users\ian\desktop\uni-work\_year 1\submission repositories\ct4028-assignment-iain2019\raycasterframework\obj\console.obj
c:\users\ian\desktop\uni-work\_year 1\submission repositories\ct4028-assignment-iain2019\raycasterframework\raycasterframework\bin\raycasterframework.exe
c:\users\ian\desktop\uni-work\_year 1\submission repositories\ct4028-assignment-iain2019\raycasterframework\raycasterframework\bin\raycasterframework.ilk
c:\users\ian\desktop\uni-work\_year 1\submission repositories\ct4028-assignment-iain2019\raycasterframework\raycasterframework\bin\raycasterframework.pdb
c:\users\ian\desktop\uni-work\_year 1\submission repositories\ct4028-assignment-iain2019\raycasterframework\obj\raycasterframework.pch
c:\users\ian\desktop\uni-work\_year 1\submission repositories\ct4028-assignment-iain2019\raycasterframework\obj\raycaste.a8886769.tlog\cl.command.1.tlog
c:\users\ian\desktop\uni-work\_year 1\submission repositories\ct4028-assignment-iain2019\raycasterframework\obj\raycaste.a8886769.tlog\cl.read.1.tlog
c:\users\ian\desktop\uni-work\_year 1\submission repositories\ct4028-assignment-iain2019\raycasterframework\obj\raycaste.a8886769.tlog\cl.write.1.tlog
c:\users\ian\desktop\uni-work\_year 1\submission repositories\ct4028-assignment-iain2019\raycasterframework\obj\raycaste.a8886769.tlog\link.command.1.tlog
c:\users\ian\desktop\uni-work\_year 1\submission repositories\ct4028-assignment-iain2019\raycasterframework\obj\raycaste.a8886769.tlog\link.read.1.tlog
c:\users\ian\desktop\uni-work\_year 1\submission repositories\ct4028-assignment-iain2019\raycasterframework\obj\raycaste.a8886769.tlog\link.write.1.tlog
