  Console.cpp
  main.cpp
C:\Users\Ian\Desktop\Uni-Work\_Year 1\Submission Repositories\ct4028-assignment-Iain2019\RaycasterFramework\RaycasterFramework\Source\Console.cpp(1,10): fatal error C1083: Cannot open include file: 'stdafx.h': No such file or directory
  rc_GameplayState.cpp
C:\Users\Ian\Desktop\Uni-Work\_Year 1\Submission Repositories\ct4028-assignment-Iain2019\RaycasterFramework\RaycasterFramework\Source\main.cpp(1,10): fatal error C1083: Cannot open include file: 'stdafx.h': No such file or directory
  rc_GameState.cpp
C:\Users\Ian\Desktop\Uni-Work\_Year 1\Submission Repositories\ct4028-assignment-Iain2019\RaycasterFramework\RaycasterFramework\Source\rc_GameplayState.cpp(1,10): fatal error C1083: Cannot open include file: 'stdafx.h': No such file or directory
  rc_GameStateManager.cpp
C:\Users\Ian\Desktop\Uni-Work\_Year 1\Submission Repositories\ct4028-assignment-Iain2019\RaycasterFramework\RaycasterFramework\Source\rc_GameState.cpp(1,10): fatal error C1083: Cannot open include file: 'stdafx.h': No such file or directory
  rc_ImageLoader.cpp
C:\Users\Ian\Desktop\Uni-Work\_Year 1\Submission Repositories\ct4028-assignment-Iain2019\RaycasterFramework\RaycasterFramework\Source\rc_GameStateManager.cpp(1,10): fatal error C1083: Cannot open include file: 'stdafx.h': No such file or directory
  rc_InputManager.cpp
C:\Users\Ian\Desktop\Uni-Work\_Year 1\Submission Repositories\ct4028-assignment-Iain2019\RaycasterFramework\RaycasterFramework\Source\rc_ImageLoader.cpp(1,10): fatal error C1083: Cannot open include file: 'stdafx.h': No such file or directory
  rc_Level.cpp
C:\Users\Ian\Desktop\Uni-Work\_Year 1\Submission Repositories\ct4028-assignment-Iain2019\RaycasterFramework\RaycasterFramework\Source\rc_InputManager.cpp(1,10): fatal error C1083: Cannot open include file: 'stdafx.h': No such file or directory
  rc_pcxLoader.cpp
C:\Users\Ian\Desktop\Uni-Work\_Year 1\Submission Repositories\ct4028-assignment-Iain2019\RaycasterFramework\RaycasterFramework\Source\rc_Level.cpp(1,10): fatal error C1083: Cannot open include file: 'stdafx.h': No such file or directory
  rc_Player.cpp
C:\Users\Ian\Desktop\Uni-Work\_Year 1\Submission Repositories\ct4028-assignment-Iain2019\RaycasterFramework\RaycasterFramework\Source\rc_pcxLoader.cpp(1,10): fatal error C1083: Cannot open include file: 'stdafx.h': No such file or directory
  rc_SplashState.cpp
C:\Users\Ian\Desktop\Uni-Work\_Year 1\Submission Repositories\ct4028-assignment-Iain2019\RaycasterFramework\RaycasterFramework\Source\rc_Player.cpp(1,10): fatal error C1083: Cannot open include file: 'stdafx.h': No such file or directory
  rc_texture.cpp
C:\Users\Ian\Desktop\Uni-Work\_Year 1\Submission Repositories\ct4028-assignment-Iain2019\RaycasterFramework\RaycasterFramework\Source\rc_SplashState.cpp(1,10): fatal error C1083: Cannot open include file: 'stdafx.h': No such file or directory
  rc_TextureManager.cpp
C:\Users\Ian\Desktop\Uni-Work\_Year 1\Submission Repositories\ct4028-assignment-Iain2019\RaycasterFramework\RaycasterFramework\Source\rc_texture.cpp(1,10): fatal error C1083: Cannot open include file: 'stdafx.h': No such file or directory
  rc_Timers.cpp
C:\Users\Ian\Desktop\Uni-Work\_Year 1\Submission Repositories\ct4028-assignment-Iain2019\RaycasterFramework\RaycasterFramework\Source\rc_TextureManager.cpp(1,10): fatal error C1083: Cannot open include file: 'stdafx.h': No such file or directory
  Renderer.cpp
C:\Users\Ian\Desktop\Uni-Work\_Year 1\Submission Repositories\ct4028-assignment-Iain2019\RaycasterFramework\RaycasterFramework\Source\rc_Timers.cpp(1,10): fatal error C1083: Cannot open include file: 'stdafx.h': No such file or directory
  stdafx.cpp
C:\Users\Ian\Desktop\Uni-Work\_Year 1\Submission Repositories\ct4028-assignment-Iain2019\RaycasterFramework\RaycasterFramework\Source\Renderer.cpp(1,10): fatal error C1083: Cannot open include file: 'stdafx.h': No such file or directory
C:\Users\Ian\Desktop\Uni-Work\_Year 1\Submission Repositories\ct4028-assignment-Iain2019\RaycasterFramework\RaycasterFramework\Source\stdafx.cpp(1,10): fatal error C1083: Cannot open include file: 'stdafx.h': No such file or directory
